<?xml version="1.0" encoding="UTF-8"?>
<!-- Generated by org.testng.reporters.JUnitReportReporter -->
<testsuite skipped="0" hostname="REDDY" name="MagentoTest" tests="1" failures="0" timestamp="22 Jan 2019 08:24:26 GMT" time="29.664" errors="0">
  <testcase name="magento" time="29.664" classname="MagentoTest"/>
</testsuite> <!-- MagentoTest -->
